<?xml version="1.0" encoding="UTF-8"?>
<!-- Generated by org.testng.reporters.JUnitReportReporter -->
<testsuite hostname="lappy" failures="0" tests="4" name="TestRunner" time="58.196" errors="0" timestamp="2024-10-02T15:49:31 IST" skipped="0">
  <testcase classname="TestRunner" name="runScenario" time="8.912"/>
  <testcase classname="TestRunner" name="runScenario" time="11.399"/>
  <testcase classname="TestRunner" name="runScenario" time="26.754"/>
  <testcase classname="TestRunner" name="runScenario" time="11.131"/>
</testsuite> <!-- TestRunner -->
